[2020-07-22 23:25:28,073] DEBUG preRegister called. Server=com.sun.jmx.mbeanserver.JmxMBeanServer@66d3c617, name=log4j:logger=kafka.controller (kafka.controller)
[2020-07-22 23:25:39,098] INFO [ControllerEventThread controllerId=0] Starting (kafka.controller.ControllerEventManager$ControllerEventThread)
[2020-07-22 23:25:39,120] INFO [Controller id=0] 0 successfully elected as the controller. Epoch incremented to 1 and epoch zk version is now 1 (kafka.controller.KafkaController)
[2020-07-22 23:25:39,120] INFO [Controller id=0] Registering handlers (kafka.controller.KafkaController)
[2020-07-22 23:25:39,123] INFO [Controller id=0] Deleting log dir event notifications (kafka.controller.KafkaController)
[2020-07-22 23:25:39,126] INFO [Controller id=0] Deleting isr change notifications (kafka.controller.KafkaController)
[2020-07-22 23:25:39,129] INFO [Controller id=0] Initializing controller context (kafka.controller.KafkaController)
[2020-07-22 23:25:39,168] INFO [Controller id=0] Initialized broker epochs cache: Map(0 -> 24) (kafka.controller.KafkaController)
[2020-07-22 23:25:39,172] DEBUG [Controller id=0] Register BrokerModifications handler for Set(0) (kafka.controller.KafkaController)
[2020-07-22 23:25:39,178] DEBUG [Channel manager on controller 0]: Controller 0 trying to connect to broker 0 (kafka.controller.ControllerChannelManager)
[2020-07-22 23:25:39,186] INFO [RequestSendThread controllerId=0] Starting (kafka.controller.RequestSendThread)
[2020-07-22 23:25:39,188] INFO [Controller id=0] Partitions being reassigned: Map() (kafka.controller.KafkaController)
[2020-07-22 23:25:39,189] INFO [Controller id=0] Currently active brokers in the cluster: Set(0) (kafka.controller.KafkaController)
[2020-07-22 23:25:39,189] INFO [Controller id=0] Currently shutting brokers in the cluster: Set() (kafka.controller.KafkaController)
[2020-07-22 23:25:39,190] INFO [Controller id=0] Current list of topics in the cluster: Set() (kafka.controller.KafkaController)
[2020-07-22 23:25:39,190] INFO [Controller id=0] Fetching topic deletions in progress (kafka.controller.KafkaController)
[2020-07-22 23:25:39,194] INFO [Controller id=0] List of topics to be deleted:  (kafka.controller.KafkaController)
[2020-07-22 23:25:39,194] INFO [Controller id=0] List of topics ineligible for deletion:  (kafka.controller.KafkaController)
[2020-07-22 23:25:39,195] INFO [Controller id=0] Initializing topic deletion manager (kafka.controller.KafkaController)
[2020-07-22 23:25:39,195] INFO [Topic Deletion Manager 0] Initializing manager with initial deletions: Set(), initial ineligible deletions: Set() (kafka.controller.TopicDeletionManager)
[2020-07-22 23:25:39,196] INFO [Controller id=0] Sending update metadata request (kafka.controller.KafkaController)
[2020-07-22 23:25:39,206] INFO [ReplicaStateMachine controllerId=0] Initializing replica state (kafka.controller.ZkReplicaStateMachine)
[2020-07-22 23:25:39,207] INFO [ReplicaStateMachine controllerId=0] Triggering online replica state changes (kafka.controller.ZkReplicaStateMachine)
[2020-07-22 23:25:39,214] INFO [ReplicaStateMachine controllerId=0] Triggering offline replica state changes (kafka.controller.ZkReplicaStateMachine)
[2020-07-22 23:25:39,215] DEBUG [ReplicaStateMachine controllerId=0] Started replica state machine with initial state -> Map() (kafka.controller.ZkReplicaStateMachine)
[2020-07-22 23:25:39,215] INFO [PartitionStateMachine controllerId=0] Initializing partition state (kafka.controller.ZkPartitionStateMachine)
[2020-07-22 23:25:39,216] INFO [PartitionStateMachine controllerId=0] Triggering online partition state changes (kafka.controller.ZkPartitionStateMachine)
[2020-07-22 23:25:39,218] INFO [RequestSendThread controllerId=0] Controller 0 connected to localhost:9092 (id: 0 rack: null) for sending state change requests (kafka.controller.RequestSendThread)
[2020-07-22 23:25:39,220] DEBUG [PartitionStateMachine controllerId=0] Started partition state machine with initial state -> Map() (kafka.controller.ZkPartitionStateMachine)
[2020-07-22 23:25:39,220] INFO [Controller id=0] Ready to serve as the new controller with epoch 1 (kafka.controller.KafkaController)
[2020-07-22 23:25:39,222] INFO [Controller id=0] Removing partitions Set() from the list of reassigned partitions in zookeeper (kafka.controller.KafkaController)
[2020-07-22 23:25:39,223] INFO [Controller id=0] No more partitions need to be reassigned. Deleting zk path /admin/reassign_partitions (kafka.controller.KafkaController)
[2020-07-22 23:25:39,226] INFO [Controller id=0] Partitions undergoing preferred replica election:  (kafka.controller.KafkaController)
[2020-07-22 23:25:39,227] INFO [Controller id=0] Partitions that completed preferred replica election:  (kafka.controller.KafkaController)
[2020-07-22 23:25:39,227] INFO [Controller id=0] Skipping preferred replica election for partitions due to topic deletion:  (kafka.controller.KafkaController)
[2020-07-22 23:25:39,227] INFO [Controller id=0] Resuming preferred replica election for partitions:  (kafka.controller.KafkaController)
[2020-07-22 23:25:39,228] INFO [Controller id=0] Starting preferred replica leader election for partitions  (kafka.controller.KafkaController)
[2020-07-22 23:25:39,238] INFO [Controller id=0] Starting the controller scheduler (kafka.controller.KafkaController)
[2020-07-22 23:25:44,244] INFO [Controller id=0] Processing automatic preferred replica leader election (kafka.controller.KafkaController)
[2020-07-22 23:25:44,244] TRACE [Controller id=0] Checking need to trigger auto leader balancing (kafka.controller.KafkaController)
[2020-07-22 23:25:44,247] DEBUG [Controller id=0] Preferred replicas by broker Map() (kafka.controller.KafkaController)
[2020-07-22 23:29:26,274] INFO [Controller id=0] New topics: [Set(kafka-example-topic)], deleted topics: [Set()], new partition replica assignment [Map(kafka-example-topic-0 -> Vector(0))] (kafka.controller.KafkaController)
[2020-07-22 23:29:26,275] INFO [Controller id=0] New partition creation callback for kafka-example-topic-0 (kafka.controller.KafkaController)
[2020-07-22 23:30:44,242] INFO [Controller id=0] Processing automatic preferred replica leader election (kafka.controller.KafkaController)
[2020-07-22 23:30:44,244] TRACE [Controller id=0] Checking need to trigger auto leader balancing (kafka.controller.KafkaController)
[2020-07-22 23:30:44,245] DEBUG [Controller id=0] Preferred replicas by broker Map(0 -> Map(kafka-example-topic-0 -> Vector(0))) (kafka.controller.KafkaController)
[2020-07-22 23:30:44,247] DEBUG [Controller id=0] Topics not in preferred replica for broker 0 Map() (kafka.controller.KafkaController)
[2020-07-22 23:30:44,248] TRACE [Controller id=0] Leader imbalance ratio for broker 0 is 0.0 (kafka.controller.KafkaController)
[2020-07-22 23:35:44,243] INFO [Controller id=0] Processing automatic preferred replica leader election (kafka.controller.KafkaController)
[2020-07-22 23:35:44,245] TRACE [Controller id=0] Checking need to trigger auto leader balancing (kafka.controller.KafkaController)
[2020-07-22 23:35:44,246] DEBUG [Controller id=0] Preferred replicas by broker Map(0 -> Map(kafka-example-topic-0 -> Vector(0))) (kafka.controller.KafkaController)
[2020-07-22 23:35:44,246] DEBUG [Controller id=0] Topics not in preferred replica for broker 0 Map() (kafka.controller.KafkaController)
[2020-07-22 23:35:44,246] TRACE [Controller id=0] Leader imbalance ratio for broker 0 is 0.0 (kafka.controller.KafkaController)
[2020-07-22 23:40:44,236] INFO [Controller id=0] Processing automatic preferred replica leader election (kafka.controller.KafkaController)
[2020-07-22 23:40:44,239] TRACE [Controller id=0] Checking need to trigger auto leader balancing (kafka.controller.KafkaController)
[2020-07-22 23:40:44,239] DEBUG [Controller id=0] Preferred replicas by broker Map(0 -> Map(kafka-example-topic-0 -> Vector(0))) (kafka.controller.KafkaController)
[2020-07-22 23:40:44,239] DEBUG [Controller id=0] Topics not in preferred replica for broker 0 Map() (kafka.controller.KafkaController)
[2020-07-22 23:40:44,239] TRACE [Controller id=0] Leader imbalance ratio for broker 0 is 0.0 (kafka.controller.KafkaController)
